{
  "stats": {
    "suites": 1,
    "tests": 1,
    "passes": 0,
    "pending": 0,
    "failures": 1,
    "start": "2024-09-18T12:13:36.271Z",
    "end": "2024-09-18T12:13:40.398Z",
    "duration": 4127,
    "testsRegistered": 1,
    "passPercent": 0,
    "pendingPercent": 0,
    "other": 0,
    "hasOther": false,
    "skipped": 0,
    "hasSkipped": false
  },
  "results": [
    {
      "uuid": "aed71de0-8e5f-4cd8-8a57-a89a6c37c192",
      "title": "",
      "fullFile": "cypress/e2e/uploadImageToPet.spec.js",
      "file": "cypress/e2e/uploadImageToPet.spec.js",
      "beforeHooks": [],
      "afterHooks": [],
      "tests": [],
      "suites": [
        {
          "uuid": "dce55da9-7994-418f-a002-908bce7650df",
          "title": "upload image to pet",
          "fullFile": "",
          "file": "",
          "beforeHooks": [],
          "afterHooks": [],
          "tests": [
            {
              "title": "Uploads an image to the pet successfully and logs the status code",
              "fullTitle": "upload image to pet Uploads an image to the pet successfully and logs the status code",
              "timedOut": null,
              "duration": 4092,
              "state": "failed",
              "speed": null,
              "pass": false,
              "fail": true,
              "pending": false,
              "context": null,
              "code": "// Define the pet ID\nconst petId = 1;\n// Use the fixture method to read the image file from the cypress fixtures folder\ncy.fixture('pet2.jpg', 'binary').then(fileContent => {\n  const blob = Cypress.Blob.binaryStringToBlob(fileContent, 'image/jpeg');\n  // Manually create a FormData object and append the image\n  const formData = new FormData();\n  formData.append('file', blob, 'pet2.jpg');\n  // Convert FormData to a form-data readable stream\n  cy.request({\n    method: 'POST',\n    url: `/pet/${petId}/uploadImage`,\n    // Upload image to the pet\n    headers: {\n      'Content-Type': 'multipart/form-data'\n    },\n    body: formData\n  }).then(response => {\n    // Extract the message from the response body\n    const responseMessage = response.body.message;\n    // Log the status code and response message\n    cy.log(`Status Code: ${response.status}`);\n    cy.log(`Response Message: ${responseMessage}`);\n    // Store the response message in a variable for further use\n    const message = responseMessage;\n    cy.log(`Stored Response Message: ${message}`);\n    // Optional: Assert the response message contains the expected file name\n    expect(message).to.include('File uploaded to ./pet2.jpg');\n    expect(response.status).to.equal(200);\n  });\n});",
              "err": {
                "message": "AssertionError: object tested must be an array, a map, an object, a set, a string, or a weakset, but undefined given",
                "estack": "AssertionError: object tested must be an array, a map, an object, a set, a string, or a weakset, but undefined given\n    at Context.eval (webpack:///./cypress/e2e/uploadImageToPet.spec.js:37:10)",
                "diff": null
              },
              "uuid": "b85d95e9-d0ec-4ae5-9655-56f631789da3",
              "parentUUID": "dce55da9-7994-418f-a002-908bce7650df",
              "isHook": false,
              "skipped": false
            }
          ],
          "suites": [],
          "passes": [],
          "failures": [
            "b85d95e9-d0ec-4ae5-9655-56f631789da3"
          ],
          "pending": [],
          "skipped": [],
          "duration": 4092,
          "root": false,
          "rootEmpty": false,
          "_timeout": 2000
        }
      ],
      "passes": [],
      "failures": [],
      "pending": [],
      "skipped": [],
      "duration": 0,
      "root": true,
      "rootEmpty": true,
      "_timeout": 2000
    }
  ],
  "meta": {
    "mocha": {
      "version": "7.0.1"
    },
    "mochawesome": {
      "options": {
        "quiet": false,
        "reportFilename": "mochawesome",
        "saveHtml": true,
        "saveJson": true,
        "consoleReporter": "spec",
        "useInlineDiffs": false,
        "code": true
      },
      "version": "7.1.3"
    },
    "marge": {
      "options": {
        "reportDir": "cypress/reports",
        "overwrite": false,
        "html": true,
        "json": true
      },
      "version": "6.2.0"
    }
  }
}