{
  "stats": {
    "suites": 1,
    "tests": 1,
    "passes": 0,
    "pending": 0,
    "failures": 1,
    "start": "2024-09-18T11:53:03.658Z",
    "end": "2024-09-18T11:53:07.673Z",
    "duration": 4015,
    "testsRegistered": 1,
    "passPercent": 0,
    "pendingPercent": 0,
    "other": 0,
    "hasOther": false,
    "skipped": 0,
    "hasSkipped": false
  },
  "results": [
    {
      "uuid": "d3e59d94-4d75-43fa-97fd-78aabd4ec307",
      "title": "",
      "fullFile": "cypress/e2e/uploadImageToPet.spec.js",
      "file": "cypress/e2e/uploadImageToPet.spec.js",
      "beforeHooks": [],
      "afterHooks": [],
      "tests": [],
      "suites": [
        {
          "uuid": "ec48ccc0-30ac-41aa-8610-ed265fee3e83",
          "title": "upload image to pet",
          "fullFile": "",
          "file": "",
          "beforeHooks": [],
          "afterHooks": [],
          "tests": [
            {
              "title": "Uploads an image to the pet successfully and logs the status code",
              "fullTitle": "upload image to pet Uploads an image to the pet successfully and logs the status code",
              "timedOut": null,
              "duration": 3981,
              "state": "failed",
              "speed": null,
              "pass": false,
              "fail": true,
              "pending": false,
              "context": null,
              "code": "// Define the pet ID\nconst petId = 1;\n// Use the fixture method to read the image file from the cypress fixtures folder\ncy.fixture('pet2.jpg', 'binary').then(fileContent => {\n  const blob = Cypress.Blob.binaryStringToBlob(fileContent, 'image/jpeg');\n  // Manually create a FormData object and append the image\n  const formData = new FormData();\n  formData.append('file', blob, 'pet2.jpg');\n  // Convert FormData to a form-data readable stream\n  cy.request({\n    method: 'POST',\n    url: `/pet/${petId}/uploadImage`,\n    // Upload image to the pet\n    headers: {\n      'Content-Type': 'multipart/form-data'\n    },\n    body: formData\n  }).then(response => {\n    cy.log(`Status Code: ${response.status}`);\n    expect(response.status).to.equal(200); // Expect the request to succeed\n    // Log the response body and assert the message\n    const expectedMessage = 'File uploaded to ./Get together 118.jpg, 595727 bytes';\n    cy.log(`Response Message: ${response.body.message}`);\n    expect(response.body.message).to.include(expectedMessage);\n  });\n});",
              "err": {
                "message": "AssertionError: object tested must be an array, a map, an object, a set, a string, or a weakset, but undefined given",
                "estack": "AssertionError: object tested must be an array, a map, an object, a set, a string, or a weakset, but undefined given\n    at Context.eval (webpack:///./cypress/e2e/uploadImageToPet.spec.js:31:8)",
                "diff": null
              },
              "uuid": "e861201b-9cc9-4ff8-9943-d8d5a7fa1946",
              "parentUUID": "ec48ccc0-30ac-41aa-8610-ed265fee3e83",
              "isHook": false,
              "skipped": false
            }
          ],
          "suites": [],
          "passes": [],
          "failures": [
            "e861201b-9cc9-4ff8-9943-d8d5a7fa1946"
          ],
          "pending": [],
          "skipped": [],
          "duration": 3981,
          "root": false,
          "rootEmpty": false,
          "_timeout": 2000
        }
      ],
      "passes": [],
      "failures": [],
      "pending": [],
      "skipped": [],
      "duration": 0,
      "root": true,
      "rootEmpty": true,
      "_timeout": 2000
    }
  ],
  "meta": {
    "mocha": {
      "version": "7.0.1"
    },
    "mochawesome": {
      "options": {
        "quiet": false,
        "reportFilename": "mochawesome",
        "saveHtml": true,
        "saveJson": true,
        "consoleReporter": "spec",
        "useInlineDiffs": false,
        "code": true
      },
      "version": "7.1.3"
    },
    "marge": {
      "options": {
        "reportDir": "cypress/reports",
        "overwrite": false,
        "html": true,
        "json": true
      },
      "version": "6.2.0"
    }
  }
}