{
  "stats": {
    "suites": 1,
    "tests": 2,
    "passes": 1,
    "pending": 0,
    "failures": 1,
    "start": "2024-09-19T01:56:31.399Z",
    "end": "2024-09-19T01:56:33.272Z",
    "duration": 1873,
    "testsRegistered": 2,
    "passPercent": 50,
    "pendingPercent": 0,
    "other": 0,
    "hasOther": false,
    "skipped": 0,
    "hasSkipped": false
  },
  "results": [
    {
      "uuid": "43726824-e9f8-45a9-818e-764f57ac4986",
      "title": "",
      "fullFile": "cypress/e2e/addPetToStore.spec.js",
      "file": "cypress/e2e/addPetToStore.spec.js",
      "beforeHooks": [],
      "afterHooks": [],
      "tests": [],
      "suites": [
        {
          "uuid": "64d37db8-0bcc-4da5-a79a-f0d541b7886b",
          "title": "Add pet to the store - Test Senarios",
          "fullFile": "",
          "file": "",
          "beforeHooks": [],
          "afterHooks": [],
          "tests": [
            {
              "title": "successfully able to add the pet with all the mandatory fields ",
              "fullTitle": "Add pet to the store - Test Senarios successfully able to add the pet with all the mandatory fields ",
              "timedOut": null,
              "duration": 1591,
              "state": "passed",
              "speed": "fast",
              "pass": true,
              "fail": false,
              "pending": false,
              "context": null,
              "code": "cy.request({\n  method: 'POST',\n  url: '/pet',\n  body: petData,\n  headers: {\n    'Content-Type': 'application/json'\n  }\n}).then(response => {\n  expect(response.status).to.equal(200);\n  expect(response.body.id).to.equal(petId);\n  expect(response.body.name).to.equal(petData.name);\n  expect(response.body.photoUrls).to.deep.equal(petData.photoUrls);\n  // Log the response body\n  cy.log('Response Body:', JSON.stringify(response.body));\n});",
              "err": {},
              "uuid": "ea2ebfe8-4951-4d06-802d-596bab412e83",
              "parentUUID": "64d37db8-0bcc-4da5-a79a-f0d541b7886b",
              "isHook": false,
              "skipped": false
            },
            {
              "title": "should return 400 when mandatory fields are missing while adding the pet",
              "fullTitle": "Add pet to the store - Test Senarios should return 400 when mandatory fields are missing while adding the pet",
              "timedOut": null,
              "duration": 225,
              "state": "failed",
              "speed": null,
              "pass": false,
              "fail": true,
              "pending": false,
              "context": null,
              "code": "const missingMandatoryFieldsPetData = {\n  status: availabe\n};\ncy.request({\n  method: 'POST',\n  body: missingMandatoryFieldsPetData,\n  headers: {\n    'Content-Type': 'application/json'\n  },\n  failOnStatus: 'false'\n}).then(response => {\n  expect(response.status).to.equal(400);\n  cy.log('Invalid pet creation attempt due to missing fields.');\n});",
              "err": {
                "message": "ReferenceError: availabe is not defined",
                "estack": "ReferenceError: availabe is not defined\n    at Context.eval (webpack:///./cypress/e2e/addPetToStore.spec.js:44:21)",
                "diff": null
              },
              "uuid": "8656494c-de83-4888-a010-86e499e48a5a",
              "parentUUID": "64d37db8-0bcc-4da5-a79a-f0d541b7886b",
              "isHook": false,
              "skipped": false
            }
          ],
          "suites": [],
          "passes": [
            "ea2ebfe8-4951-4d06-802d-596bab412e83"
          ],
          "failures": [
            "8656494c-de83-4888-a010-86e499e48a5a"
          ],
          "pending": [],
          "skipped": [],
          "duration": 1816,
          "root": false,
          "rootEmpty": false,
          "_timeout": 2000
        }
      ],
      "passes": [],
      "failures": [],
      "pending": [],
      "skipped": [],
      "duration": 0,
      "root": true,
      "rootEmpty": true,
      "_timeout": 2000
    }
  ],
  "meta": {
    "mocha": {
      "version": "7.0.1"
    },
    "mochawesome": {
      "options": {
        "quiet": false,
        "reportFilename": "mochawesome",
        "saveHtml": true,
        "saveJson": true,
        "consoleReporter": "spec",
        "useInlineDiffs": false,
        "code": true
      },
      "version": "7.1.3"
    },
    "marge": {
      "options": {
        "reportDir": "cypress/reports",
        "overwrite": false,
        "html": true,
        "json": true
      },
      "version": "6.2.0"
    }
  }
}