{
  "stats": {
    "suites": 1,
    "tests": 1,
    "passes": 0,
    "pending": 0,
    "failures": 1,
    "start": "2024-09-19T01:43:59.014Z",
    "end": "2024-09-19T01:44:00.561Z",
    "duration": 1547,
    "testsRegistered": 1,
    "passPercent": 0,
    "pendingPercent": 0,
    "other": 0,
    "hasOther": false,
    "skipped": 0,
    "hasSkipped": false
  },
  "results": [
    {
      "uuid": "a4677bc2-0a23-4bfc-9714-d8032a168706",
      "title": "",
      "fullFile": "cypress/e2e/addPetToStore.spec.js",
      "file": "cypress/e2e/addPetToStore.spec.js",
      "beforeHooks": [],
      "afterHooks": [],
      "tests": [],
      "suites": [
        {
          "uuid": "eddcad73-fd14-40fe-8b07-b6b378083348",
          "title": "Add pet to the store - Test Senarios",
          "fullFile": "",
          "file": "",
          "beforeHooks": [],
          "afterHooks": [],
          "tests": [
            {
              "title": "successfully able to add the pet with all the mandatory fields ",
              "fullTitle": "Add pet to the store - Test Senarios successfully able to add the pet with all the mandatory fields ",
              "timedOut": null,
              "duration": 1513,
              "state": "failed",
              "speed": null,
              "pass": false,
              "fail": true,
              "pending": false,
              "context": null,
              "code": "cy.request({\n  method: 'POST',\n  url: '/pet',\n  body: petData,\n  headers: {\n    'Content-Type': 'application/json'\n  }\n}).then(response => {\n  expect(response.status).to.equal(200);\n  expect(respose.body.id).to.equal(petId);\n  expect(response.body.name).to.equal(petData.name);\n  //expect(response.body.photoUrls).to.deep.equal(petData.photoUrls);\n  // Log the response body\n  cy.log('Response Body:', JSON.stringify(response.body));\n});",
              "err": {
                "message": "ReferenceError: respose is not defined",
                "estack": "ReferenceError: respose is not defined\n    at Context.eval (webpack:///./cypress/e2e/addPetToStore.spec.js:32:19)",
                "diff": null
              },
              "uuid": "586c18a5-e86b-42ee-962e-ab9f65c93596",
              "parentUUID": "eddcad73-fd14-40fe-8b07-b6b378083348",
              "isHook": false,
              "skipped": false
            }
          ],
          "suites": [],
          "passes": [],
          "failures": [
            "586c18a5-e86b-42ee-962e-ab9f65c93596"
          ],
          "pending": [],
          "skipped": [],
          "duration": 1513,
          "root": false,
          "rootEmpty": false,
          "_timeout": 2000
        }
      ],
      "passes": [],
      "failures": [],
      "pending": [],
      "skipped": [],
      "duration": 0,
      "root": true,
      "rootEmpty": true,
      "_timeout": 2000
    }
  ],
  "meta": {
    "mocha": {
      "version": "7.0.1"
    },
    "mochawesome": {
      "options": {
        "quiet": false,
        "reportFilename": "mochawesome",
        "saveHtml": true,
        "saveJson": true,
        "consoleReporter": "spec",
        "useInlineDiffs": false,
        "code": true
      },
      "version": "7.1.3"
    },
    "marge": {
      "options": {
        "reportDir": "cypress/reports",
        "overwrite": false,
        "html": true,
        "json": true
      },
      "version": "6.2.0"
    }
  }
}